<?xml version="1.0" encoding="UTF-8"?>
<testsuite xmlns:xsi="http://www.w3.org/2001/XMLSchema-instance" xsi:noNamespaceSchemaLocation="https://maven.apache.org/surefire/maven-surefire-plugin/xsd/surefire-test-report.xsd" name="TestSuite" time="1.444" tests="12" errors="0" skipped="0" failures="6">
  <properties>
    <property name="java.runtime.name" value="Java(TM) SE Runtime Environment"/>
    <property name="sun.boot.library.path" value="C:\Program Files\Java\jdk1.8.0_271\jre\bin"/>
    <property name="java.vm.version" value="25.271-b09"/>
    <property name="java.vm.vendor" value="Oracle Corporation"/>
    <property name="maven.multiModuleProjectDirectory" value="E:\Selenium\MavenDemoTest"/>
    <property name="java.vendor.url" value="http://java.oracle.com/"/>
    <property name="path.separator" value=";"/>
    <property name="guice.disable.misplaced.annotation.check" value="true"/>
    <property name="java.vm.name" value="Java HotSpot(TM) 64-Bit Server VM"/>
    <property name="file.encoding.pkg" value="sun.io"/>
    <property name="user.script" value=""/>
    <property name="user.country" value="IN"/>
    <property name="sun.java.launcher" value="SUN_STANDARD"/>
    <property name="sun.os.patch.level" value=""/>
    <property name="java.vm.specification.name" value="Java Virtual Machine Specification"/>
    <property name="user.dir" value="E:\Selenium\MavenDemoTest"/>
    <property name="java.runtime.version" value="1.8.0_271-b09"/>
    <property name="java.awt.graphicsenv" value="sun.awt.Win32GraphicsEnvironment"/>
    <property name="java.endorsed.dirs" value="C:\Program Files\Java\jdk1.8.0_271\jre\lib\endorsed"/>
    <property name="os.arch" value="amd64"/>
    <property name="java.io.tmpdir" value="C:\Users\MYPC~1\AppData\Local\Temp\"/>
    <property name="line.separator" value="&#10;"/>
    <property name="java.vm.specification.vendor" value="Oracle Corporation"/>
    <property name="user.variant" value=""/>
    <property name="os.name" value="Windows 10"/>
    <property name="classworlds.conf" value="E:\Selenium\.metadata\.plugins\org.eclipse.m2e.launching\launches\m2conf5805497363597820752.tmp"/>
    <property name="sun.jnu.encoding" value="Cp1252"/>
    <property name="java.library.path" value="C:\Program Files\Java\jdk1.8.0_271\bin;C:\WINDOWS\Sun\Java\bin;C:\WINDOWS\system32;C:\WINDOWS;C:/Program Files/Java/jdk1.8.0_271/bin/../jre/bin/server;C:/Program Files/Java/jdk1.8.0_271/bin/../jre/bin;C:/Program Files/Java/jdk1.8.0_271/bin/../jre/lib/amd64;C:\Program Files\Java\jdk1.8.0_271\bin;D:\mavenrepo\apache-maven-3.6.3\bin;C:\WINDOWS\system32;C:\WINDOWS;C:\WINDOWS\System32\Wbem;C:\WINDOWS\System32\WindowsPowerShell\v1.0\;C:\WINDOWS\System32\OpenSSH\;C:\Program Files\Git\cmd;C:\Program Files\PuTTY\;C:\Users\my pc\AppData\Local\Microsoft\WindowsApps;;D:\eclipse\eclipse;;."/>
    <property name="java.specification.name" value="Java Platform API Specification"/>
    <property name="java.class.version" value="52.0"/>
    <property name="sun.management.compiler" value="HotSpot 64-Bit Tiered Compilers"/>
    <property name="os.version" value="10.0"/>
    <property name="user.home" value="C:\Users\my pc"/>
    <property name="user.timezone" value="Asia/Calcutta"/>
    <property name="java.awt.printerjob" value="sun.awt.windows.WPrinterJob"/>
    <property name="java.specification.version" value="1.8"/>
    <property name="file.encoding" value="Cp1252"/>
    <property name="user.name" value="my pc"/>
    <property name="java.class.path" value="D:\eclipse\eclipse\plugins\org.eclipse.m2e.maven.runtime_1.12.0.20190529-1915\jars\plexus-classworlds-2.6.0.jar"/>
    <property name="java.vm.specification.version" value="1.8"/>
    <property name="sun.arch.data.model" value="64"/>
    <property name="java.home" value="C:\Program Files\Java\jdk1.8.0_271\jre"/>
    <property name="sun.java.command" value="org.codehaus.plexus.classworlds.launcher.Launcher -B clean install"/>
    <property name="java.specification.vendor" value="Oracle Corporation"/>
    <property name="user.language" value="en"/>
    <property name="awt.toolkit" value="sun.awt.windows.WToolkit"/>
    <property name="java.vm.info" value="mixed mode"/>
    <property name="java.version" value="1.8.0_271"/>
    <property name="java.ext.dirs" value="C:\Program Files\Java\jdk1.8.0_271\jre\lib\ext;C:\WINDOWS\Sun\Java\lib\ext"/>
    <property name="sun.boot.class.path" value="C:\Program Files\Java\jdk1.8.0_271\jre\lib\resources.jar;C:\Program Files\Java\jdk1.8.0_271\jre\lib\rt.jar;C:\Program Files\Java\jdk1.8.0_271\jre\lib\sunrsasign.jar;C:\Program Files\Java\jdk1.8.0_271\jre\lib\jsse.jar;C:\Program Files\Java\jdk1.8.0_271\jre\lib\jce.jar;C:\Program Files\Java\jdk1.8.0_271\jre\lib\charsets.jar;C:\Program Files\Java\jdk1.8.0_271\jre\lib\jfr.jar;C:\Program Files\Java\jdk1.8.0_271\jre\classes"/>
    <property name="java.vendor" value="Oracle Corporation"/>
    <property name="maven.home" value="E:\Selenium\MavenDemoTest\EMBEDDED"/>
    <property name="file.separator" value="\"/>
    <property name="java.vendor.url.bug" value="http://bugreport.sun.com/bugreport/"/>
    <property name="sun.cpu.endian" value="little"/>
    <property name="sun.io.unicode.encoding" value="UnicodeLittle"/>
    <property name="sun.desktop" value="windows"/>
    <property name="sun.cpu.isalist" value="amd64"/>
  </properties>
  <testcase name="div" classname="com.qa.tests.Demo" time="0.03">
    <failure message="expected [0] but found [30]" type="java.lang.AssertionError">java.lang.AssertionError: expected [0] but found [30]
	at com.qa.tests.Demo.div(Demo.java:36)
</failure>
    <system-out><![CDATA[Div method
]]></system-out>
    <system-err><![CDATA[SLF4J: Failed to load class "org.slf4j.impl.StaticLoggerBinder".
SLF4J: Defaulting to no-operation (NOP) logger implementation
SLF4J: See http://www.slf4j.org/codes.html#StaticLoggerBinder for further details.
]]></system-err>
  </testcase>
  <testcase name="mul" classname="com.qa.tests.Demo" time="0.005">
    <failure message="expected [200] but found [30]" type="java.lang.AssertionError">java.lang.AssertionError: expected [200] but found [30]
	at com.qa.tests.Demo.mul(Demo.java:28)
</failure>
    <system-out><![CDATA[Mul method
]]></system-out>
  </testcase>
  <testcase name="sub" classname="com.qa.tests.Demo" time="0.004">
    <failure message="expected [-10] but found [30]" type="java.lang.AssertionError">java.lang.AssertionError: expected [-10] but found [30]
	at com.qa.tests.Demo.sub(Demo.java:20)
</failure>
    <system-out><![CDATA[Sub method
]]></system-out>
  </testcase>
  <testcase name="sum" classname="com.qa.tests.Demo" time="0.007"/>
  <testcase name="div" classname="com.qa.tests.DemoSample" time="0.002"/>
  <testcase name="mul" classname="com.qa.tests.DemoSample" time="0.001"/>
  <testcase name="sub" classname="com.qa.tests.DemoSample" time="0"/>
  <testcase name="sum" classname="com.qa.tests.DemoSample" time="0.001"/>
  <testcase name="div" classname="com.qa.tests.DemoTest" time="0.001">
    <failure message="expected [0] but found [30]" type="java.lang.AssertionError">java.lang.AssertionError: expected [0] but found [30]
	at com.qa.tests.DemoTest.div(DemoTest.java:37)
</failure>
    <system-out><![CDATA[Div method
]]></system-out>
  </testcase>
  <testcase name="mul" classname="com.qa.tests.DemoTest" time="0.001">
    <failure message="expected [200] but found [30]" type="java.lang.AssertionError">java.lang.AssertionError: expected [200] but found [30]
	at com.qa.tests.DemoTest.mul(DemoTest.java:29)
</failure>
    <system-out><![CDATA[Mul method
]]></system-out>
  </testcase>
  <testcase name="sub" classname="com.qa.tests.DemoTest" time="0.001">
    <failure message="expected [-10] but found [30]" type="java.lang.AssertionError">java.lang.AssertionError: expected [-10] but found [30]
	at com.qa.tests.DemoTest.sub(DemoTest.java:21)
</failure>
    <system-out><![CDATA[Sub method
]]></system-out>
  </testcase>
  <testcase name="sum" classname="com.qa.tests.DemoTest" time="0.002"/>
</testsuite>